0 info it worked if it ends with ok
1 verbose cli [ '/usr/bin/nodejs',
1 verbose cli   '/usr/bin/npm',
1 verbose cli   'install',
1 verbose cli   'webpack',
1 verbose cli   'babel-loader@5.3.3',
1 verbose cli   '--save-dev' ]
2 info using npm@1.4.21
3 info using node@v0.10.25
4 warn package.json node@0.0.0 No description
5 warn package.json node@0.0.0 No repository field.
6 warn package.json node@0.0.0 No README data
7 verbose readDependencies using package.json deps
8 verbose cache add [ 'webpack', null ]
9 verbose cache add name=undefined spec="webpack" args=["webpack",null]
10 verbose parsed url { protocol: null,
10 verbose parsed url   slashes: null,
10 verbose parsed url   auth: null,
10 verbose parsed url   host: null,
10 verbose parsed url   port: null,
10 verbose parsed url   hostname: null,
10 verbose parsed url   hash: null,
10 verbose parsed url   search: null,
10 verbose parsed url   query: null,
10 verbose parsed url   pathname: 'webpack',
10 verbose parsed url   path: 'webpack',
10 verbose parsed url   href: 'webpack' }
11 verbose cache add [ 'babel-loader@5.3.3', null ]
12 verbose cache add name=undefined spec="babel-loader@5.3.3" args=["babel-loader@5.3.3",null]
13 verbose parsed url { protocol: null,
13 verbose parsed url   slashes: null,
13 verbose parsed url   auth: null,
13 verbose parsed url   host: null,
13 verbose parsed url   port: null,
13 verbose parsed url   hostname: null,
13 verbose parsed url   hash: null,
13 verbose parsed url   search: null,
13 verbose parsed url   query: null,
13 verbose parsed url   pathname: 'babel-loader@5.3.3',
13 verbose parsed url   path: 'babel-loader@5.3.3',
13 verbose parsed url   href: 'babel-loader@5.3.3' }
14 verbose cache add name="babel-loader" spec="5.3.3" args=["babel-loader","5.3.3"]
15 verbose parsed url { protocol: null,
15 verbose parsed url   slashes: null,
15 verbose parsed url   auth: null,
15 verbose parsed url   host: null,
15 verbose parsed url   port: null,
15 verbose parsed url   hostname: null,
15 verbose parsed url   hash: null,
15 verbose parsed url   search: null,
15 verbose parsed url   query: null,
15 verbose parsed url   pathname: '5.3.3',
15 verbose parsed url   path: '5.3.3',
15 verbose parsed url   href: '5.3.3' }
16 verbose addNamed [ 'babel-loader', '5.3.3' ]
17 verbose addNamed [ '5.3.3', '5.3.3' ]
18 silly lockFile 057b6197-webpack webpack
19 verbose lock webpack /home/forrest/.npm/057b6197-webpack.lock
20 silly lockFile cdd846ed-babel-loader-5-3-3 babel-loader@5.3.3
21 verbose lock babel-loader@5.3.3 /home/forrest/.npm/cdd846ed-babel-loader-5-3-3.lock
22 silly lockFile 057b6197-webpack webpack
23 silly lockFile 057b6197-webpack webpack
24 verbose addNamed [ 'webpack', '' ]
25 verbose addNamed [ null, '*' ]
26 silly lockFile 9c8dd08b-webpack webpack@
27 verbose lock webpack@ /home/forrest/.npm/9c8dd08b-webpack.lock
28 silly addNameRange { name: 'webpack', range: '*', hasData: false }
29 verbose request where is /babel-loader
30 verbose request registry https://registry.npmjs.org/
31 verbose request id 4f6218a40a706255
32 verbose url raw /babel-loader
33 verbose url resolving [ 'https://registry.npmjs.org/', './babel-loader' ]
34 verbose url resolved https://registry.npmjs.org/babel-loader
35 verbose request where is https://registry.npmjs.org/babel-loader
36 info trying registry request attempt 1 at 11:48:14
37 verbose etag "15EMXCK578LUDZ23G95SQDTQ7"
38 http GET https://registry.npmjs.org/babel-loader
39 verbose request where is /webpack
40 verbose request registry https://registry.npmjs.org/
41 verbose url raw /webpack
42 verbose url resolving [ 'https://registry.npmjs.org/', './webpack' ]
43 verbose url resolved https://registry.npmjs.org/webpack
44 verbose request where is https://registry.npmjs.org/webpack
45 info trying registry request attempt 1 at 11:48:15
46 verbose etag "CKVI1MHRT79WSGFIU3IL7I1JV"
47 http GET https://registry.npmjs.org/webpack
48 http 304 https://registry.npmjs.org/webpack
49 silly registry.get cb [ 304,
49 silly registry.get   { date: 'Fri, 03 Jun 2016 18:48:15 GMT',
49 silly registry.get     via: '1.1 varnish',
49 silly registry.get     'cache-control': 'max-age=300',
49 silly registry.get     etag: '"CKVI1MHRT79WSGFIU3IL7I1JV"',
49 silly registry.get     age: '295',
49 silly registry.get     connection: 'keep-alive',
49 silly registry.get     'x-served-by': 'cache-jfk1030-JFK',
49 silly registry.get     'x-cache': 'HIT',
49 silly registry.get     'x-cache-hits': '3',
49 silly registry.get     'x-timer': 'S1464979695.104859,VS0,VE0',
49 silly registry.get     vary: 'Accept-Encoding' } ]
50 verbose etag https://registry.npmjs.org/webpack from cache
51 http 304 https://registry.npmjs.org/babel-loader
52 silly registry.get cb [ 304,
52 silly registry.get   { date: 'Fri, 03 Jun 2016 18:48:15 GMT',
52 silly registry.get     via: '1.1 varnish',
52 silly registry.get     'cache-control': 'max-age=300',
52 silly registry.get     etag: '"15EMXCK578LUDZ23G95SQDTQ7"',
52 silly registry.get     age: '61',
52 silly registry.get     connection: 'keep-alive',
52 silly registry.get     'x-served-by': 'cache-iad2125-IAD',
52 silly registry.get     'x-cache': 'HIT',
52 silly registry.get     'x-cache-hits': '2',
52 silly registry.get     'x-timer': 'S1464979695.111299,VS0,VE0',
52 silly registry.get     vary: 'Accept-Encoding' } ]
53 verbose etag https://registry.npmjs.org/babel-loader from cache
54 silly addNameRange number 2 { name: 'webpack', range: '*', hasData: true }
55 silly addNameRange versions [ 'webpack',
55 silly addNameRange   [ '0.1.0',
55 silly addNameRange     '0.1.1',
55 silly addNameRange     '0.1.2',
55 silly addNameRange     '0.1.3',
55 silly addNameRange     '0.1.4',
55 silly addNameRange     '0.1.5',
55 silly addNameRange     '0.1.6',
55 silly addNameRange     '0.2.0',
55 silly addNameRange     '0.2.1',
55 silly addNameRange     '0.2.2',
55 silly addNameRange     '0.2.3',
55 silly addNameRange     '0.2.4',
55 silly addNameRange     '0.2.6',
55 silly addNameRange     '0.2.7',
55 silly addNameRange     '0.2.8',
55 silly addNameRange     '0.3.0',
55 silly addNameRange     '0.3.1',
55 silly addNameRange     '0.3.2',
55 silly addNameRange     '0.3.3',
55 silly addNameRange     '0.3.4',
55 silly addNameRange     '0.3.6',
55 silly addNameRange     '0.3.7',
55 silly addNameRange     '0.3.8',
55 silly addNameRange     '0.3.9',
55 silly addNameRange     '0.3.10',
55 silly addNameRange     '0.3.11',
55 silly addNameRange     '0.3.12',
55 silly addNameRange     '0.3.13',
55 silly addNameRange     '0.3.14',
55 silly addNameRange     '0.3.15',
55 silly addNameRange     '0.3.16',
55 silly addNameRange     '0.3.17',
55 silly addNameRange     '0.3.18',
55 silly addNameRange     '0.3.19',
55 silly addNameRange     '0.3.20',
55 silly addNameRange     '0.4.0',
55 silly addNameRange     '0.4.1',
55 silly addNameRange     '0.4.2',
55 silly addNameRange     '0.4.3',
55 silly addNameRange     '0.4.4',
55 silly addNameRange     '0.4.5',
55 silly addNameRange     '0.4.6',
55 silly addNameRange     '0.4.7',
55 silly addNameRange     '0.4.8',
55 silly addNameRange     '0.4.9',
55 silly addNameRange     '0.4.10',
55 silly addNameRange     '0.4.11',
55 silly addNameRange     '0.4.12',
55 silly addNameRange     '0.4.13',
55 silly addNameRange     '0.4.14',
55 silly addNameRange     '0.4.15',
55 silly addNameRange     '0.4.16',
55 silly addNameRange     '0.4.17',
55 silly addNameRange     '0.4.18',
55 silly addNameRange     '0.4.19',
55 silly addNameRange     '0.4.20',
55 silly addNameRange     '0.4.21',
55 silly addNameRange     '0.4.23',
55 silly addNameRange     '0.4.24',
55 silly addNameRange     '0.4.25',
55 silly addNameRange     '0.5.0',
55 silly addNameRange     '0.5.1',
55 silly addNameRange     '0.5.2',
55 silly addNameRange     '0.5.3',
55 silly addNameRange     '0.5.4',
55 silly addNameRange     '0.5.5',
55 silly addNameRange     '0.5.6',
55 silly addNameRange     '0.5.7',
55 silly addNameRange     '0.5.8',
55 silly addNameRange     '0.5.10',
55 silly addNameRange     '0.6.0',
55 silly addNameRange     '0.6.1',
55 silly addNameRange     '0.6.2',
55 silly addNameRange     '0.7.0-beta',
55 silly addNameRange     '0.7.0-beta2',
55 silly addNameRange     '0.7.0-beta3',
55 silly addNameRange     '0.7.0-beta4',
55 silly addNameRange     '0.7.0-beta5',
55 silly addNameRange     '0.7.0-beta6',
55 silly addNameRange     '0.7.0-beta7',
55 silly addNameRange     '0.7.0-beta8',
55 silly addNameRange     '0.7.0',
55 silly addNameRange     '0.7.1',
55 silly addNameRange     '0.7.2',
55 silly addNameRange     '0.7.3',
55 silly addNameRange     '0.7.4',
55 silly addNameRange     '0.7.5',
55 silly addNameRange     '0.7.6',
55 silly addNameRange     '0.7.7',
55 silly addNameRange     '0.7.8',
55 silly addNameRange     '0.7.9',
55 silly addNameRange     '0.7.11',
55 silly addNameRange     '0.7.12',
55 silly addNameRange     '0.7.13',
55 silly addNameRange     '0.7.14',
55 silly addNameRange     '0.7.15',
55 silly addNameRange     '0.7.16',
55 silly addNameRange     '0.7.17',
55 silly addNameRange     '0.8.0-beta1',
55 silly addNameRange     '0.8.0-beta2',
55 silly addNameRange     '0.8.0-beta3',
55 silly addNameRange     '0.8.0-beta4',
55 silly addNameRange     '0.8.0',
55 silly addNameRange     '0.8.2',
55 silly addNameRange     '0.8.3',
55 silly addNameRange     '0.9.0-beta1',
55 silly addNameRange     '0.9.0-beta2',
55 silly addNameRange     '0.9.0-beta4',
55 silly addNameRange     '0.9.0-beta5',
55 silly addNameRange     '0.9.0-beta6',
55 silly addNameRange     '0.9.0-beta7',
55 silly addNameRange     '0.9.0-beta8',
55 silly addNameRange     '0.9.0-beta9',
55 silly addNameRange     '0.9.0-beta10',
55 silly addNameRange     '0.9.0-beta11',
55 silly addNameRange     '0.9.0-beta12',
55 silly addNameRange     '0.9.0-beta13',
55 silly addNameRange     '0.9.0-beta14',
55 silly addNameRange     '0.9.0-beta15',
55 silly addNameRange     '0.9.0-beta16',
55 silly addNameRange     '0.9.0-beta17',
55 silly addNameRange     '0.9.0-beta18',
55 silly addNameRange     '0.9.0-beta19',
55 silly addNameRange     '0.9.0-beta20',
55 silly addNameRange     '0.9.0-beta21',
55 silly addNameRange     '0.9.0-beta22',
55 silly addNameRange     '0.9.0-beta23',
55 silly addNameRange     '0.9.0-beta24',
55 silly addNameRange     '0.9.0-beta25',
55 silly addNameRange     '0.9.0-beta26',
55 silly addNameRange     '0.9.0-beta27',
55 silly addNameRange     '0.9.0-beta28',
55 silly addNameRange     '0.9.0-beta29',
55 silly addNameRange     '0.9.0-beta30',
55 silly addNameRange     '0.9.0-beta31',
55 silly addNameRange     '0.9.0-beta32',
55 silly addNameRange     '0.9.0-beta33',
55 silly addNameRange     '0.9.0-beta34',
55 silly addNameRange     '0.9.0-beta35',
55 silly addNameRange     '0.9.0-beta36',
55 silly addNameRange     '0.9.0-beta37',
55 silly addNameRange     '0.9.0-beta38',
55 silly addNameRange     '0.9.0',
55 silly addNameRange     '0.9.1',
55 silly addNameRange     '0.9.2',
55 silly addNameRange     '0.9.3',
55 silly addNameRange     '0.10.0-beta2',
55 silly addNameRange     '0.10.0-beta3',
55 silly addNameRange     '0.10.0-beta5',
55 silly addNameRange     '0.10.0-beta6',
55 silly addNameRange     '0.10.0-beta7',
55 silly addNameRange     '0.10.0-beta8',
55 silly addNameRange     '0.10.0-beta9',
55 silly addNameRange     '0.10.0-beta10',
55 silly addNameRange     '0.10.0-beta11',
55 silly addNameRange     '0.10.0-beta12',
55 silly addNameRange     '0.10.0-beta13',
55 silly addNameRange     '0.10.0-beta14',
55 silly addNameRange     '0.10.0-beta15',
55 silly addNameRange     '0.10.0-beta16',
55 silly addNameRange     '0.10.0-beta17',
55 silly addNameRange     '0.10.0-beta18',
55 silly addNameRange     '0.10.0-beta19',
55 silly addNameRange     '0.10.0-beta20',
55 silly addNameRange     '0.10.0-beta21',
55 silly addNameRange     '0.10.0-beta22',
55 silly addNameRange     '0.10.0-beta23',
55 silly addNameRange     '0.10.0-beta24',
55 silly addNameRange     '0.10.0-beta25',
55 silly addNameRange     '0.10.0',
55 silly addNameRange     '0.11.0-beta1',
55 silly addNameRange     '0.11.0-beta2',
55 silly addNameRange     '0.11.0-beta3',
55 silly addNameRange     '0.11.0-beta4',
55 silly addNameRange     '0.11.0-beta5',
55 silly addNameRange     '0.11.0-beta6',
55 silly addNameRange     '0.11.0-beta7',
55 silly addNameRange     '0.11.0-beta8',
55 silly addNameRange     '0.11.0-beta9',
55 silly addNameRange     '0.11.0-beta10',
55 silly addNameRange     '0.11.0-beta11',
55 silly addNameRange     '0.11.0-beta12',
55 silly addNameRange     '0.11.0-beta13',
55 silly addNameRange     '0.11.0-beta14',
55 silly addNameRange     '0.11.0-beta15',
55 silly addNameRange     '0.11.0-beta16',
55 silly addNameRange     '0.11.0-beta17',
55 silly addNameRange     '0.11.0-beta18',
55 silly addNameRange     '0.11.0-beta19',
55 silly addNameRange     '0.11.0-beta20',
55 silly addNameRange     '0.11.0-beta21',
55 silly addNameRange     '0.11.0-beta22',
55 silly addNameRange     '0.11.0-beta23',
55 silly addNameRange     '0.11.0-beta24',
55 silly addNameRange     '0.11.0-beta25',
55 silly addNameRange     '0.11.0-beta26',
55 silly addNameRange     '0.11.0-beta27',
55 silly addNameRange     '0.11.0-beta28',
55 silly addNameRange     '0.11.0-beta29',
55 silly addNameRange     '0.11.0',
55 silly addNameRange     '0.11.1',
55 silly addNameRange     '0.11.2',
55 silly addNameRange     '0.11.3',
55 silly addNameRange     '0.11.4',
55 silly addNameRange     '0.11.5',
55 silly addNameRange     '0.11.6',
55 silly addNameRange     '0.11.7',
55 silly addNameRange     '0.11.8',
55 silly addNameRange     '0.11.9',
55 silly addNameRange     '0.11.10',
55 silly addNameRange     '0.11.11',
55 silly addNameRange     '0.11.12',
55 silly addNameRange     '0.11.13',
55 silly addNameRange     '0.11.14',
55 silly addNameRange     '0.11.15',
55 silly addNameRange     '1.0.0-beta1',
55 silly addNameRange     '1.0.0-beta2',
55 silly addNameRange     '1.0.0-beta3',
55 silly addNameRange     '1.0.0-beta4',
55 silly addNameRange     '0.11.16',
55 silly addNameRange     '0.11.17',
55 silly addNameRange     '0.11.18',
55 silly addNameRange     '1.0.0-beta5',
55 silly addNameRange     '1.0.0-beta6',
55 silly addNameRange     '1.0.0-beta7',
55 silly addNameRange     '1.0.0-beta8',
55 silly addNameRange     '1.0.0-beta9',
55 silly addNameRange     '1.0.0-rc1',
55 silly addNameRange     '1.0.0-rc2',
55 silly addNameRange     '1.0.0-rc3',
55 silly addNameRange     '1.0.0-rc4',
55 silly addNameRange     '1.0.0-rc5',
55 silly addNameRange     '1.0.0-rc7',
55 silly addNameRange     '1.0.0-rc8',
55 silly addNameRange     '1.0.0-rc9',
55 silly addNameRange     '1.0.0-rc11',
55 silly addNameRange     '1.0.0-rc12',
55 silly addNameRange     '1.0.0',
55 silly addNameRange     '1.0.1',
55 silly addNameRange     '1.0.3',
55 silly addNameRange     '1.0.4',
55 silly addNameRange     '1.0.5',
55 silly addNameRange     '1.1.0-beta1',
55 silly addNameRange     '1.1.0-beta2',
55 silly addNameRange     '1.1.0-beta3',
55 silly addNameRange     '1.1.0-beta4',
55 silly addNameRange     '1.1.0-beta5',
55 silly addNameRange     '1.1.0-beta6',
55 silly addNameRange     '1.1.0-beta7',
55 silly addNameRange     '1.1.0-beta8',
55 silly addNameRange     '1.1.0-beta9',
55 silly addNameRange     '1.1.0-beta10',
55 silly addNameRange     '1.1.0-beta12',
55 silly addNameRange     '1.1.0',
55 silly addNameRange     '1.1.1',
55 silly addNameRange     '1.1.2',
55 silly addNameRange     '1.1.3',
55 silly addNameRange     '1.1.4',
55 silly addNameRange     '1.1.5',
55 silly addNameRange     '1.1.6',
55 silly addNameRange     '1.1.7',
55 silly addNameRange     '1.1.8',
55 silly addNameRange     '1.1.9',
55 silly addNameRange     '1.1.10',
55 silly addNameRange     '1.1.11',
55 silly addNameRange     '1.2.0-beta1',
55 silly addNameRange     '1.2.0-beta2',
55 silly addNameRange     '1.2.0-beta4',
55 silly addNameRange     '1.2.0-beta5',
55 silly addNameRange     '1.2.0-beta6',
55 silly addNameRange     '1.3.0-beta1',
55 silly addNameRange     '1.3.0-beta2',
55 silly addNameRange     '1.3.0-beta3',
55 silly addNameRange     '1.3.0-beta4',
55 silly addNameRange     '1.3.0-beta5',
55 silly addNameRange     '1.3.0-beta6',
55 silly addNameRange     '1.3.0-beta7',
55 silly addNameRange     '1.3.0-beta8',
55 silly addNameRange     '1.3.0-beta9',
55 silly addNameRange     '1.3.1-beta1',
55 silly addNameRange     '1.3.1-beta2',
55 silly addNameRange     '1.3.1-beta3',
55 silly addNameRange     '1.3.1-beta4',
55 silly addNameRange     '1.3.1-beta5',
55 silly addNameRange     '1.3.1-beta6',
55 silly addNameRange     '1.3.1-beta7',
55 silly addNameRange     '1.3.1-beta8',
55 silly addNameRange     '1.3.1-beta9',
55 silly addNameRange     '1.3.2-beta1',
55 silly addNameRange     '1.3.2-beta2',
55 silly addNameRange     '1.3.2-beta3',
55 silly addNameRange     '1.3.2-beta4',
55 silly addNameRange     '1.3.2-beta5',
55 silly addNameRange     '1.3.2-beta6',
55 silly addNameRange     '1.3.2-beta7',
55 silly addNameRange     '1.3.2-beta8',
55 silly addNameRange     '1.3.2-beta9',
55 silly addNameRange     '1.3.3-beta1',
55 silly addNameRange     '1.3.3-beta2',
55 silly addNameRange     '1.3.4',
55 silly addNameRange     '1.3.5',
55 silly addNameRange     '1.3.6',
55 silly addNameRange     '1.3.7',
55 silly addNameRange     '1.4.0-beta1',
55 silly addNameRange     '1.4.0-beta2',
55 silly addNameRange     '1.4.0-beta3',
55 silly addNameRange     '1.4.0-beta4',
55 silly addNameRange     '1.4.0-beta5',
55 silly addNameRange     '1.4.0-beta6',
55 silly addNameRange     '1.4.0-beta7',
55 silly addNameRange     '1.4.0-beta8',
55 silly addNameRange     '1.4.0-beta9',
55 silly addNameRange     '1.4.0-beta10',
55 silly addNameRange     '1.4.1-beta1',
55 silly addNameRange     '1.4.2',
55 silly addNameRange     '1.4.3',
55 silly addNameRange     '1.4.4',
55 silly addNameRange     '1.4.5',
55 silly addNameRange     '1.4.6',
55 silly addNameRange     '1.4.7',
55 silly addNameRange     '1.4.8',
55 silly addNameRange     '1.4.9',
55 silly addNameRange     '1.4.10',
55 silly addNameRange     '1.4.11',
55 silly addNameRange     '1.4.12',
55 silly addNameRange     '1.4.13',
55 silly addNameRange     '1.4.14',
55 silly addNameRange     '1.4.15',
55 silly addNameRange     '1.5.0',
55 silly addNameRange     '1.5.1',
55 silly addNameRange     '1.5.2',
55 silly addNameRange     '1.5.3',
55 silly addNameRange     '1.6.0',
55 silly addNameRange     '1.7.0',
55 silly addNameRange     '1.7.1',
55 silly addNameRange     '1.7.2',
55 silly addNameRange     '1.7.3',
55 silly addNameRange     '1.8.0',
55 silly addNameRange     '1.8.1',
55 silly addNameRange     '1.8.2',
55 silly addNameRange     '1.8.3',
55 silly addNameRange     '1.8.4',
55 silly addNameRange     '1.8.5',
55 silly addNameRange     '1.8.6',
55 silly addNameRange     '1.8.7',
55 silly addNameRange     '1.8.8',
55 silly addNameRange     '1.8.9',
55 silly addNameRange     '1.8.10',
55 silly addNameRange     '1.8.11',
55 silly addNameRange     '1.9.0',
55 silly addNameRange     '1.9.1',
55 silly addNameRange     '1.9.2',
55 silly addNameRange     '1.9.3',
55 silly addNameRange     '1.9.4',
55 silly addNameRange     '1.9.5',
55 silly addNameRange     '1.9.6',
55 silly addNameRange     '1.9.7',
55 silly addNameRange     '1.9.8',
55 silly addNameRange     '1.9.9',
55 silly addNameRange     '1.9.10',
55 silly addNameRange     '1.9.11',
55 silly addNameRange     '1.9.12',
55 silly addNameRange     '1.9.13',
55 silly addNameRange     '1.10.0',
55 silly addNameRange     '1.10.1',
55 silly addNameRange     '1.10.2',
55 silly addNameRange     '1.10.3',
55 silly addNameRange     '1.10.4',
55 silly addNameRange     '1.10.5',
55 silly addNameRange     '1.11.0',
55 silly addNameRange     '1.12.0',
55 silly addNameRange     '1.12.1',
55 silly addNameRange     '1.12.2',
55 silly addNameRange     '2.0.0-beta',
55 silly addNameRange     '1.12.3',
55 silly addNameRange     '1.12.4',
55 silly addNameRange     '1.12.5',
55 silly addNameRange     '1.12.6',
55 silly addNameRange     '1.12.7',
55 silly addNameRange     '1.12.8',
55 silly addNameRange     '1.12.9',
55 silly addNameRange     '2.0.1-beta',
55 silly addNameRange     '2.0.2-beta',
55 silly addNameRange     '1.12.10',
55 silly addNameRange     '1.12.11',
55 silly addNameRange     '2.0.4-beta',
55 silly addNameRange     '1.12.12',
55 silly addNameRange     '2.0.5-beta',
55 silly addNameRange     '2.0.6-beta',
55 silly addNameRange     '2.0.7-beta',
55 silly addNameRange     '1.12.13',
55 silly addNameRange     '2.1.0-beta.0',
55 silly addNameRange     '2.1.0-beta.1',
55 silly addNameRange     '2.1.0-beta.2',
55 silly addNameRange     '1.12.14',
55 silly addNameRange     '2.1.0-beta.3',
55 silly addNameRange     '2.1.0-beta.4',
55 silly addNameRange     '2.1.0-beta.5',
55 silly addNameRange     '1.12.15',
55 silly addNameRange     '1.13.0',
55 silly addNameRange     '2.1.0-beta.6',
55 silly addNameRange     '2.1.0-beta.7',
55 silly addNameRange     '1.13.1',
55 silly addNameRange     '2.1.0-beta.8' ] ]
56 verbose addNamed [ 'webpack', '1.13.1' ]
57 verbose addNamed [ '1.13.1', '1.13.1' ]
58 silly lockFile 52e0f587-webpack-1-13-1 webpack@1.13.1
59 verbose lock webpack@1.13.1 /home/forrest/.npm/52e0f587-webpack-1-13-1.lock
60 silly lockFile 52e0f587-webpack-1-13-1 webpack@1.13.1
61 silly lockFile 52e0f587-webpack-1-13-1 webpack@1.13.1
62 silly lockFile 9c8dd08b-webpack webpack@
63 silly lockFile 9c8dd08b-webpack webpack@
64 silly lockFile cdd846ed-babel-loader-5-3-3 babel-loader@5.3.3
65 silly lockFile cdd846ed-babel-loader-5-3-3 babel-loader@5.3.3
66 silly resolved [ { name: 'webpack',
66 silly resolved     version: '1.13.1',
66 silly resolved     author: { name: 'Tobias Koppers @sokra' },
66 silly resolved     description: 'Packs CommonJs/AMD modules for the browser. Allows to split your codebase into multiple bundles, which can be loaded on demand. Support loaders to preprocess files, i.e. json, jade, coffee, css, less, ... and your custom stuff.',
66 silly resolved     dependencies:
66 silly resolved      { async: '^1.3.0',
66 silly resolved        clone: '^1.0.2',
66 silly resolved        'enhanced-resolve': '~0.9.0',
66 silly resolved        acorn: '^3.0.0',
66 silly resolved        interpret: '^0.6.4',
66 silly resolved        'loader-utils': '^0.2.11',
66 silly resolved        'memory-fs': '~0.3.0',
66 silly resolved        mkdirp: '~0.5.0',
66 silly resolved        'node-libs-browser': '>= 0.4.0 <=0.6.0',
66 silly resolved        optimist: '~0.6.0',
66 silly resolved        'supports-color': '^3.1.0',
66 silly resolved        tapable: '~0.1.8',
66 silly resolved        'uglify-js': '~2.6.0',
66 silly resolved        watchpack: '^0.2.1',
66 silly resolved        'webpack-core': '~0.6.0' },
66 silly resolved     license: 'MIT',
66 silly resolved     devDependencies:
66 silly resolved      { benchmark: '^1.0.0',
66 silly resolved        'bundle-loader': '~0.5.0',
66 silly resolved        'codecov.io': '^0.1.2',
66 silly resolved        'coffee-loader': '~0.7.1',
66 silly resolved        'coffee-script': '^1.10.0',
66 silly resolved        'component-webpack-plugin': '~0.2.0',
66 silly resolved        coveralls: '^2.11.2',
66 silly resolved        'css-loader': '~0.15.0',
66 silly resolved        diff: '^2.0.2',
66 silly resolved        eslint: '^1.1.0',
66 silly resolved        'eslint-plugin-nodeca': '^1.0.3',
66 silly resolved        express: '~4.13.1',
66 silly resolved        'extract-text-webpack-plugin': '~0.8.0',
66 silly resolved        'file-loader': '~0.8.0',
66 silly resolved        glob: '^5.0.14',
66 silly resolved        'i18n-webpack-plugin': '~0.2.0',
66 silly resolved        istanbul: '^0.3.13',
66 silly resolved        jade: '^1.11.0',
66 silly resolved        'jade-loader': '~0.7.0',
66 silly resolved        'js-beautify': '^1.5.10',
66 silly resolved        'json-loader': '~0.5.1',
66 silly resolved        less: '^2.5.1',
66 silly resolved        'less-loader': '^2.0.0',
66 silly resolved        mocha: '~2.2.0',
66 silly resolved        'mocha-lcov-reporter': '0.0.2',
66 silly resolved        'raw-loader': '~0.5.0',
66 silly resolved        'script-loader': '~0.6.0',
66 silly resolved        should: '^7.0.2',
66 silly resolved        'style-loader': '~0.12.0',
66 silly resolved        'url-loader': '~0.5.0',
66 silly resolved        'val-loader': '~0.5.0',
66 silly resolved        'vm-browserify': '~0.0.0',
66 silly resolved        'webpack-dev-middleware': '^1.0.0',
66 silly resolved        'worker-loader': '~0.6.0' },
66 silly resolved     engines: { node: '>=0.6' },
66 silly resolved     repository:
66 silly resolved      { type: 'git',
66 silly resolved        url: 'git+https://github.com/webpack/webpack.git' },
66 silly resolved     homepage: 'https://github.com/webpack/webpack',
66 silly resolved     main: 'lib/webpack.js',
66 silly resolved     web: 'lib/webpack.web.js',
66 silly resolved     bin: { webpack: './bin/webpack.js' },
66 silly resolved     files: [ 'lib/', 'bin/', 'buildin/', 'hot/', 'web_modules/' ],
66 silly resolved     scripts:
66 silly resolved      { pretest: 'npm run lint && npm run beautify-lint',
66 silly resolved        test: 'mocha',
66 silly resolved        travis: 'npm run cover -- --report lcovonly',
66 silly resolved        lint: 'eslint lib bin hot scripts',
66 silly resolved        'beautify-lint': 'node ./scripts/beautify-check',
66 silly resolved        beautify: 'node ./scripts/beautify-rewrite',
66 silly resolved        precover: 'npm run lint && npm run beautify-lint',
66 silly resolved        cover: 'istanbul cover -x *.runtime.js node_modules/mocha/bin/_mocha',
66 silly resolved        'publish-patch': 'npm run lint && npm run beautify-lint && mocha && npm version patch && git push && git push --tags && npm publish' },
66 silly resolved     gitHead: '01ea02a95cf8c446fd1dc9e82fae0febe9332034',
66 silly resolved     bugs: { url: 'https://github.com/webpack/webpack/issues' },
66 silly resolved     _id: 'webpack@1.13.1',
66 silly resolved     _shasum: '0a69e88e5bdc593939352d5d77de0f9ac9d0871e',
66 silly resolved     _from: 'webpack@',
66 silly resolved     _npmVersion: '3.8.3',
66 silly resolved     _nodeVersion: '5.10.1',
66 silly resolved     _npmUser: { name: 'sokra', email: 'tobias.koppers@googlemail.com' },
66 silly resolved     dist:
66 silly resolved      { shasum: '0a69e88e5bdc593939352d5d77de0f9ac9d0871e',
66 silly resolved        tarball: 'https://registry.npmjs.org/webpack/-/webpack-1.13.1.tgz' },
66 silly resolved     maintainers: [ [Object] ],
66 silly resolved     _npmOperationalInternal:
66 silly resolved      { host: 'packages-16-east.internal.npmjs.com',
66 silly resolved        tmp: 'tmp/webpack-1.13.1.tgz_1463726929134_0.1072976035065949' },
66 silly resolved     directories: {},
66 silly resolved     _resolved: 'https://registry.npmjs.org/webpack/-/webpack-1.13.1.tgz',
66 silly resolved     readme: 'ERROR: No README data found!' },
66 silly resolved   { name: 'babel-loader',
66 silly resolved     version: '5.3.3',
66 silly resolved     description: 'babel module loader for webpack',
66 silly resolved     main: 'index.js',
66 silly resolved     dependencies:
66 silly resolved      { 'babel-core': '^5.4.0',
66 silly resolved        'loader-utils': '^0.2.9',
66 silly resolved        'object-assign': '^3.0.0' },
66 silly resolved     peerDependencies: { 'babel-core': '^5.0.0', webpack: '*' },
66 silly resolved     devDependencies:
66 silly resolved      { 'babel-core': '^5.5.8',
66 silly resolved        'expect.js': '^0.3.1',
66 silly resolved        istanbul: '^0.3.15',
66 silly resolved        jscs: '^1.13.1',
66 silly resolved        jshint: '^2.8.0',
66 silly resolved        mkdirp: '^0.5.1',
66 silly resolved        mocha: '^2.2.5',
66 silly resolved        rimraf: '^2.4.0',
66 silly resolved        webpack: '^1.9.11' },
66 silly resolved     scripts:
66 silly resolved      { test: 'npm run hint && npm run cs && npm run cov',
66 silly resolved        cov: 'istanbul cover ./node_modules/.bin/_mocha -- test/*.test.js',
66 silly resolved        hint: 'jshint --config .jshintrc index.js lib/* test/*',
66 silly resolved        cs: 'jscs --config .jscsrc index.js lib/* test/*' },
66 silly resolved     repository:
66 silly resolved      { type: 'git',
66 silly resolved        url: 'git+https://github.com/babel/babel-loader.git' },
66 silly resolved     keywords:
66 silly resolved      [ 'webpack',
66 silly resolved        'loader',
66 silly resolved        '6to5',
66 silly resolved        'babel',
66 silly resolved        'es6',
66 silly resolved        'transpiler',
66 silly resolved        'module' ],
66 silly resolved     author: { name: 'Luis Couto', email: 'couto@15minuteslate.net' },
66 silly resolved     license: 'MIT',
66 silly resolved     bugs: { url: 'https://github.com/babel/babel-loader/issues' },
66 silly resolved     homepage: 'https://github.com/babel/babel-loader',
66 silly resolved     gitHead: '59926500bf7f45845cec191ef3f3d1511c83f320',
66 silly resolved     _id: 'babel-loader@5.3.3',
66 silly resolved     _shasum: '767b4a8e044aeec7e115b652eb37ed7d617fa073',
66 silly resolved     _from: 'babel-loader@5.3.3',
66 silly resolved     _npmVersion: '2.14.3',
66 silly resolved     _nodeVersion: '4.1.0',
66 silly resolved     _npmUser: { name: 'sebmck', email: 'sebmck@gmail.com' },
66 silly resolved     dist:
66 silly resolved      { shasum: '767b4a8e044aeec7e115b652eb37ed7d617fa073',
66 silly resolved        tarball: 'https://registry.npmjs.org/babel-loader/-/babel-loader-5.3.3.tgz' },
66 silly resolved     maintainers: [ [Object], [Object] ],
66 silly resolved     directories: {},
66 silly resolved     _resolved: 'https://registry.npmjs.org/babel-loader/-/babel-loader-5.3.3.tgz',
66 silly resolved     readme: 'ERROR: No README data found!' } ]
67 info install webpack@1.13.1 into /home/forrest/Documents/golang/gowebapp
68 info install babel-loader@5.3.3 into /home/forrest/Documents/golang/gowebapp
69 info installOne webpack@1.13.1
70 info installOne babel-loader@5.3.3
71 verbose node_modules/webpack unbuild
72 info preuninstall webpack@1.13.1
73 verbose node_modules/babel-loader unbuild
74 info preuninstall babel-loader@5.3.3
75 info uninstall webpack@1.13.1
76 info uninstall babel-loader@5.3.3
77 verbose true,/home/forrest/Documents/golang/gowebapp/node_modules,/home/forrest/Documents/golang/gowebapp/node_modules unbuild webpack@1.13.1
78 verbose /home/forrest/Documents/golang/gowebapp/node_modules/.bin,[object Object] binRoot
79 verbose true,/home/forrest/Documents/golang/gowebapp/node_modules,/home/forrest/Documents/golang/gowebapp/node_modules unbuild babel-loader@5.3.3
80 info postuninstall babel-loader@5.3.3
81 info postuninstall webpack@1.13.1
82 verbose node_modules/webpack unbuild
83 verbose node_modules/babel-loader unbuild
84 error error rolling back Error: EACCES, unlink '/home/forrest/Documents/golang/gowebapp/node_modules/webpack/node_modules/.bin/acorn'
84 error error rolling back  webpack@1.13.1 { [Error: EACCES, unlink '/home/forrest/Documents/golang/gowebapp/node_modules/webpack/node_modules/.bin/acorn']
84 error error rolling back   errno: 3,
84 error error rolling back   code: 'EACCES',
84 error error rolling back   path: '/home/forrest/Documents/golang/gowebapp/node_modules/webpack/node_modules/.bin/acorn' }
85 error Error: EACCES, unlink '/home/forrest/Documents/golang/gowebapp/node_modules/webpack/node_modules/.bin/acorn'
85 error  { [Error: EACCES, unlink '/home/forrest/Documents/golang/gowebapp/node_modules/webpack/node_modules/.bin/acorn']
85 error   errno: 3,
85 error   code: 'EACCES',
85 error   path: '/home/forrest/Documents/golang/gowebapp/node_modules/webpack/node_modules/.bin/acorn' }
86 error Please try running this command again as root/Administrator.
87 error System Linux 4.2.0-16-generic
88 error command "/usr/bin/nodejs" "/usr/bin/npm" "install" "webpack" "babel-loader@5.3.3" "--save-dev"
89 error cwd /home/forrest/Documents/golang/gowebapp
90 error node -v v0.10.25
91 error npm -v 1.4.21
92 error path /home/forrest/Documents/golang/gowebapp/node_modules/webpack/node_modules/.bin/acorn
93 error code EACCES
94 error errno 3
95 error stack Error: EACCES, unlink '/home/forrest/Documents/golang/gowebapp/node_modules/webpack/node_modules/.bin/acorn'
96 verbose exit [ 3, true ]
